INFO:     Will watch for changes in these directories: ['/workspace/project']
INFO:     Uvicorn running on http://0.0.0.0:12000 (Press CTRL+C to quit)
INFO:     Started reloader process [10929] using StatReload
🚀 启动AI任务自动化测试平台
📍 地址: http://0.0.0.0:12000
🔧 调试模式: 开启
INFO:     Started server process [10933]
INFO:     Waiting for application startup.
INFO:     Application startup complete.
INFO:     127.0.0.1:54394 - "POST /api/correction/test-cases/ HTTP/1.1" 422 Unprocessable Entity
INFO:     127.0.0.1:34492 - "POST /api/correction/test-cases/ HTTP/1.1" 200 OK
INFO:     127.0.0.1:34502 - "POST /api/dialogue/test-cases/ HTTP/1.1" 200 OK
INFO:     127.0.0.1:60372 - "POST /api/rag/test-cases/ HTTP/1.1" 200 OK
INFO:     127.0.0.1:48474 - "POST /api/agent/test-cases/ HTTP/1.1" 200 OK
INFO:     127.0.0.1:48480 - "POST /api/correction/test-cases/12/run HTTP/1.1" 404 Not Found
WARNING:  StatReload detected changes in 'app/routers/correction.py'. Reloading...
INFO:     Shutting down
INFO:     Waiting for application shutdown.
INFO:     Application shutdown complete.
INFO:     Finished server process [10933]
INFO:     Started server process [12385]
INFO:     Waiting for application startup.
INFO:     Application startup complete.
WARNING:  StatReload detected changes in 'app/routers/correction.py'. Reloading...
INFO:     Shutting down
INFO:     Waiting for application shutdown.
INFO:     Application shutdown complete.
INFO:     Finished server process [12385]
INFO:     Started server process [12636]
INFO:     Waiting for application startup.
INFO:     Application startup complete.
WARNING:  StatReload detected changes in 'app/routers/dialogue.py'. Reloading...
INFO:     Shutting down
INFO:     Waiting for application shutdown.
INFO:     Application shutdown complete.
INFO:     Finished server process [12636]
INFO:     Started server process [12759]
INFO:     Waiting for application startup.
INFO:     Application startup complete.
WARNING:  StatReload detected changes in 'app/routers/dialogue.py'. Reloading...
INFO:     Shutting down
INFO:     Waiting for application shutdown.
INFO:     Application shutdown complete.
INFO:     Finished server process [12759]
INFO:     Started server process [12886]
INFO:     Waiting for application startup.
INFO:     Application startup complete.
INFO:     127.0.0.1:38174 - "POST /api/correction/test-cases/12/run HTTP/1.1" 500 Internal Server Error
WARNING:  StatReload detected changes in 'app/routers/correction.py'. Reloading...
INFO:     Shutting down
INFO:     Waiting for application shutdown.
INFO:     Application shutdown complete.
INFO:     Finished server process [12886]
INFO:     Started server process [13133]
INFO:     Waiting for application startup.
INFO:     Application startup complete.
INFO:     127.0.0.1:38196 - "POST /api/correction/test-cases/12/run HTTP/1.1" 200 OK
